<?xml version="1.0" encoding="UTF-8"?><testsuite errors="2" failures="0" name="Busqueda de producto en Ebay" skipped="0" tests="2" time="71.65" timestamp="2019-08-28 02:42:03"><testcase name="Busqueda de producto en Ebay exitosa"><error message="Expected condition failed: waiting for By.xpath: //b[contains(text(),'Che')] to be displayed (tried for 5 second(s) with 100 milliseconds interval)&#10;Build info: version: '3.14.0', revision: 'aacccce0', time: '2018-08-02T20:19:58.91Z'&#10;System info: host: 'SBMEDLAPPROJC53', ip: '172.23.85.201', os.name: 'Windows 10', os.arch: 'amd64', os.version: '10.0', java.version: '1.8.0_161'&#10;Driver info: driver.version: unknown" type="java.lang.AssertionError">Expected condition failed: waiting for By.xpath: //b[contains(text(),'Che')] to be displayed (tried for 5 second(s) with 100 milliseconds interval)
Build info: version: '3.14.0', revision: 'aacccce0', time: '2018-08-02T20:19:58.91Z'
System info: host: 'SBMEDLAPPROJC53', ip: '172.23.85.201', os.name: 'Windows 10', os.arch: 'amd64', os.version: '10.0', java.version: '1.8.0_161'
Driver info: driver.version: unknown</error><system-err>Expected condition failed: waiting for By.xpath: //b[contains(text(),'Che')] to be displayed (tried for 5 second(s) with 100 milliseconds interval)
Build info: version: '3.14.0', revision: 'aacccce0', time: '2018-08-02T20:19:58.91Z'
System info: host: 'SBMEDLAPPROJC53', ip: '172.23.85.201', os.name: 'Windows 10', os.arch: 'amd64', os.version: '10.0', java.version: '1.8.0_161'
Driver info: driver.version: unknown&#13;
com.ebay.testing.stepsdefinitions.BuscarProductoEnEbayStepsDefinitions.elDeberiaIniciarSesionEnLaPaginaDeEbay(BuscarProductoEnEbayStepsDefinitions.java:61)&#13;
✽.EL deberia iniciar sesion en la pagina de ebay(src/test/java/com/ebay/testing/features/BuscarProductoEnEbay.feature:10)&#13;
</system-err></testcase></testsuite>